# JRE version: OpenJDK Runtime Environment (17.0.11) (build 17.0.11+0--11852314)
# Java VM: OpenJDK 64-Bit Server VM (17.0.11+0--11852314, mixed mode, tiered, compressed oops, compressed class ptrs, g1 gc, windows-amd64)
GC Precious Log:
 CPUs: 4 total, 4 available
 Memory: 7991M
 Large Page Support: Disabled
 NUMA Support: Disabled
 Compressed Oops: Enabled (32-bit)
 Heap Region Size: 1M
 Heap Min Capacity: 8M
 Heap Initial Capacity: 126M
 Heap Max Capacity: 1998M
 Pre-touch: Disabled
 Parallel Workers: 4
 Concurrent Workers: 1
 Concurrent Refinement Workers: 4
 Periodic GC: Disabled
Heap:
 garbage-first heap   total 149504K, used 101120K [0x0000000083200000, 0x0000000100000000)
  region size 1024K, 46 young (47104K), 8 survivors (8192K)
 Metaspace       used 70148K, committed 70464K, reserved 1114112K
  class space    used 7917K, committed 8064K, reserved 1048576K
GC Heap History (20 events):
Event: 6.877 GC heap before
{Heap before GC invocations=19 (full 0):
 garbage-first heap   total 51200K, used 35678K [0x0000000083200000, 0x0000000100000000)
  region size 1024K, 12 young (12288K), 1 survivors (1024K)
 Metaspace       used 46493K, committed 46784K, reserved 1114112K
  class space    used 5643K, committed 5760K, reserved 1048576K
}
Event: 6.882 GC heap after
{Heap after GC invocations=20 (full 0):
 garbage-first heap   total 51200K, used 27637K [0x0000000083200000, 0x0000000100000000)
  region size 1024K, 2 young (2048K), 2 survivors (2048K)
 Metaspace       used 46493K, committed 46784K, reserved 1114112K
  class space    used 5643K, committed 5760K, reserved 1048576K
}
Event: 6.936 GC heap before
{Heap before GC invocations=20 (full 0):
 garbage-first heap   total 51200K, used 38901K [0x0000000083200000, 0x0000000100000000)
  region size 1024K, 13 young (13312K), 2 survivors (2048K)
 Metaspace       used 46596K, committed 46848K, reserved 1114112K
  class space    used 5647K, committed 5760K, reserved 1048576K
}
Event: 6.939 GC heap after
{Heap after GC invocations=21 (full 0):
 garbage-first heap   total 116736K, used 27005K [0x0000000083200000, 0x0000000100000000)
  region size 1024K, 1 young (1024K), 1 survivors (1024K)
 Metaspace       used 46596K, committed 46848K, reserved 1114112K
  class space    used 5647K, committed 5760K, reserved 1048576K
}
Event: 9.196 GC heap before
{Heap before GC invocations=22 (full 0):
 garbage-first heap   total 96256K, used 82301K [0x0000000083200000, 0x0000000100000000)
  region size 1024K, 54 young (55296K), 1 survivors (1024K)
 Metaspace       used 55094K, committed 55296K, reserved 1114112K
  class space    used 6637K, committed 6720K, reserved 1048576K
}
Event: 9.210 GC heap after
{Heap after GC invocations=23 (full 0):
 garbage-first heap   total 96256K, used 36672K [0x0000000083200000, 0x0000000100000000)
  region size 1024K, 7 young (7168K), 7 survivors (7168K)
 Metaspace       used 55094K, committed 55296K, reserved 1114112K
  class space    used 6637K, committed 6720K, reserved 1048576K
}
Event: 9.260 GC heap before
{Heap before GC invocations=23 (full 0):
 garbage-first heap   total 96256K, used 37696K [0x0000000083200000, 0x0000000100000000)
  region size 1024K, 8 young (8192K), 7 survivors (7168K)
 Metaspace       used 55145K, committed 55360K, reserved 1114112K
  class space    used 6639K, committed 6720K, reserved 1048576K
}
Event: 9.270 GC heap after
{Heap after GC invocations=24 (full 0):
 garbage-first heap   total 96256K, used 36637K [0x0000000083200000, 0x0000000100000000)
  region size 1024K, 1 young (1024K), 1 survivors (1024K)
 Metaspace       used 55145K, committed 55360K, reserved 1114112K
  class space    used 6639K, committed 6720K, reserved 1048576K
}
Event: 10.575 GC heap before
{Heap before GC invocations=24 (full 0):
 garbage-first heap   total 96256K, used 71453K [0x0000000083200000, 0x0000000100000000)
  region size 1024K, 35 young (35840K), 1 survivors (1024K)
 Metaspace       used 57105K, committed 57344K, reserved 1114112K
  class space    used 6758K, committed 6848K, reserved 1048576K
}
Event: 10.591 GC heap after
{Heap after GC invocations=25 (full 0):
 garbage-first heap   total 96256K, used 42789K [0x0000000083200000, 0x0000000100000000)
  region size 1024K, 5 young (5120K), 5 survivors (5120K)
 Metaspace       used 57105K, committed 57344K, reserved 1114112K
  class space    used 6758K, committed 6848K, reserved 1048576K
}
Event: 12.090 GC heap before
{Heap before GC invocations=25 (full 0):
 garbage-first heap   total 96256K, used 72485K [0x0000000083200000, 0x0000000100000000)
  region size 1024K, 34 young (34816K), 5 survivors (5120K)
 Metaspace       used 59588K, committed 59840K, reserved 1114112K
  class space    used 7043K, committed 7168K, reserved 1048576K
}
Event: 12.104 GC heap after
{Heap after GC invocations=26 (full 0):
 garbage-first heap   total 96256K, used 46954K [0x0000000083200000, 0x0000000100000000)
  region size 1024K, 4 young (4096K), 4 survivors (4096K)
 Metaspace       used 59588K, committed 59840K, reserved 1114112K
  class space    used 7043K, committed 7168K, reserved 1048576K
}
Event: 12.784 GC heap before
{Heap before GC invocations=26 (full 0):
 garbage-first heap   total 96256K, used 73578K [0x0000000083200000, 0x0000000100000000)
  region size 1024K, 30 young (30720K), 4 survivors (4096K)
 Metaspace       used 60293K, committed 60544K, reserved 1114112K
  class space    used 7094K, committed 7232K, reserved 1048576K
}
Event: 12.795 GC heap after
{Heap after GC invocations=27 (full 0):
 garbage-first heap   total 96256K, used 50866K [0x0000000083200000, 0x0000000100000000)
  region size 1024K, 4 young (4096K), 4 survivors (4096K)
 Metaspace       used 60293K, committed 60544K, reserved 1114112K
  class space    used 7094K, committed 7232K, reserved 1048576K
}
Event: 13.830 GC heap before
{Heap before GC invocations=27 (full 0):
 garbage-first heap   total 96256K, used 75442K [0x0000000083200000, 0x0000000100000000)
  region size 1024K, 28 young (28672K), 4 survivors (4096K)
 Metaspace       used 61602K, committed 61888K, reserved 1114112K
  class space    used 7168K, committed 7296K, reserved 1048576K
}
Event: 13.842 GC heap after
{Heap after GC invocations=28 (full 0):
 garbage-first heap   total 96256K, used 54080K [0x0000000083200000, 0x0000000100000000)
  region size 1024K, 3 young (3072K), 3 survivors (3072K)
 Metaspace       used 61602K, committed 61888K, reserved 1114112K
  class space    used 7168K, committed 7296K, reserved 1048576K
}
Event: 14.940 GC heap before
{Heap before GC invocations=28 (full 0):
 garbage-first heap   total 96256K, used 76608K [0x0000000083200000, 0x0000000100000000)
  region size 1024K, 25 young (25600K), 3 survivors (3072K)
 Metaspace       used 62807K, committed 63168K, reserved 1114112K
  class space    used 7242K, committed 7424K, reserved 1048576K
}
Event: 14.952 GC heap after
{Heap after GC invocations=29 (full 0):
 garbage-first heap   total 149504K, used 57394K [0x0000000083200000, 0x0000000100000000)
  region size 1024K, 3 young (3072K), 3 survivors (3072K)
 Metaspace       used 62807K, committed 63168K, reserved 1114112K
  class space    used 7242K, committed 7424K, reserved 1048576K
}
Event: 19.016 GC heap before
{Heap before GC invocations=29 (full 0):
 garbage-first heap   total 149504K, used 113714K [0x0000000083200000, 0x0000000100000000)
  region size 1024K, 57 young (58368K), 3 survivors (3072K)
 Metaspace       used 63815K, committed 64128K, reserved 1114112K
  class space    used 7265K, committed 7424K, reserved 1048576K
}
Event: 19.029 GC heap after
{Heap after GC invocations=30 (full 0):
 garbage-first heap   total 149504K, used 63232K [0x0000000083200000, 0x0000000100000000)
  region size 1024K, 8 young (8192K), 8 survivors (8192K)
 Metaspace       used 63815K, committed 64128K, reserved 1114112K
  class space    used 7265K, committed 7424K, reserved 1048576K
}

