# JRE version: OpenJDK Runtime Environment (17.0.11) (build 17.0.11+0--11852314)
# Java VM: OpenJDK 64-Bit Server VM (17.0.11+0--11852314, mixed mode, tiered, compressed oops, compressed class ptrs, g1 gc, windows-amd64)
GC Precious Log:
 CPUs: 4 total, 4 available
 Memory: 7991M
 Large Page Support: Disabled
 NUMA Support: Disabled
 Compressed Oops: Enabled (32-bit)
 Heap Region Size: 1M
 Heap Min Capacity: 8M
 Heap Initial Capacity: 126M
 Heap Max Capacity: 2G
 Pre-touch: Disabled
 Parallel Workers: 4
 Concurrent Workers: 1
 Concurrent Refinement Workers: 4
 Periodic GC: Disabled
Heap:
 garbage-first heap   total 501760K, used 214151K [0x0000000080000000, 0x0000000100000000)
  region size 1024K, 15 young (15360K), 3 survivors (3072K)
 Metaspace       used 146010K, committed 147584K, reserved 1179648K
  class space    used 19258K, committed 20032K, reserved 1048576K
GC Heap History (20 events):
Event: 9960.973 GC heap before
{Heap before GC invocations=100 (full 2):
 garbage-first heap   total 435200K, used 300351K [0x0000000080000000, 0x0000000100000000)
  region size 1024K, 133 young (136192K), 2 survivors (2048K)
 Metaspace       used 145738K, committed 147264K, reserved 1179648K
  class space    used 19254K, committed 19968K, reserved 1048576K
}
Event: 9960.998 GC heap after
{Heap after GC invocations=101 (full 2):
 garbage-first heap   total 435200K, used 175769K [0x0000000080000000, 0x0000000100000000)
  region size 1024K, 11 young (11264K), 11 survivors (11264K)
 Metaspace       used 145738K, committed 147264K, reserved 1179648K
  class space    used 19254K, committed 19968K, reserved 1048576K
}
Event: 9961.164 GC heap before
{Heap before GC invocations=101 (full 2):
 garbage-first heap   total 435200K, used 291481K [0x0000000080000000, 0x0000000100000000)
  region size 1024K, 124 young (126976K), 11 survivors (11264K)
 Metaspace       used 145742K, committed 147264K, reserved 1179648K
  class space    used 19254K, committed 19968K, reserved 1048576K
}
Event: 9961.193 GC heap after
{Heap after GC invocations=102 (full 2):
 garbage-first heap   total 435200K, used 175705K [0x0000000080000000, 0x0000000100000000)
  region size 1024K, 2 young (2048K), 2 survivors (2048K)
 Metaspace       used 145742K, committed 147264K, reserved 1179648K
  class space    used 19254K, committed 19968K, reserved 1048576K
}
Event: 9961.547 GC heap before
{Heap before GC invocations=102 (full 2):
 garbage-first heap   total 435200K, used 351833K [0x0000000080000000, 0x0000000100000000)
  region size 1024K, 174 young (178176K), 2 survivors (2048K)
 Metaspace       used 145756K, committed 147264K, reserved 1179648K
  class space    used 19254K, committed 19968K, reserved 1048576K
}
Event: 9961.562 GC heap after
{Heap after GC invocations=103 (full 2):
 garbage-first heap   total 501760K, used 176417K [0x0000000080000000, 0x0000000100000000)
  region size 1024K, 3 young (3072K), 3 survivors (3072K)
 Metaspace       used 145756K, committed 147264K, reserved 1179648K
  class space    used 19254K, committed 19968K, reserved 1048576K
}
Event: 9966.948 GC heap before
{Heap before GC invocations=103 (full 2):
 garbage-first heap   total 501760K, used 406817K [0x0000000080000000, 0x0000000100000000)
  region size 1024K, 229 young (234496K), 3 survivors (3072K)
 Metaspace       used 145759K, committed 147264K, reserved 1179648K
  class space    used 19254K, committed 19968K, reserved 1048576K
}
Event: 9966.963 GC heap after
{Heap after GC invocations=104 (full 2):
 garbage-first heap   total 501760K, used 177943K [0x0000000080000000, 0x0000000100000000)
  region size 1024K, 4 young (4096K), 4 survivors (4096K)
 Metaspace       used 145759K, committed 147264K, reserved 1179648K
  class space    used 19254K, committed 19968K, reserved 1048576K
}
Event: 10230.447 GC heap before
{Heap before GC invocations=104 (full 2):
 garbage-first heap   total 501760K, used 443159K [0x0000000080000000, 0x0000000100000000)
  region size 1024K, 234 young (239616K), 4 survivors (4096K)
 Metaspace       used 145906K, committed 147456K, reserved 1179648K
  class space    used 19256K, committed 20032K, reserved 1048576K
}
Event: 10231.719 GC heap after
{Heap after GC invocations=105 (full 2):
 garbage-first heap   total 501760K, used 190745K [0x0000000080000000, 0x0000000100000000)
  region size 1024K, 17 young (17408K), 17 survivors (17408K)
 Metaspace       used 145906K, committed 147456K, reserved 1179648K
  class space    used 19256K, committed 20032K, reserved 1048576K
}
Event: 10231.983 GC heap before
{Heap before GC invocations=105 (full 2):
 garbage-first heap   total 501760K, used 197913K [0x0000000080000000, 0x0000000100000000)
  region size 1024K, 24 young (24576K), 17 survivors (17408K)
 Metaspace       used 145907K, committed 147456K, reserved 1179648K
  class space    used 19256K, committed 20032K, reserved 1048576K
}
Event: 10232.528 GC heap after
{Heap after GC invocations=106 (full 2):
 garbage-first heap   total 501760K, used 191423K [0x0000000080000000, 0x0000000100000000)
  region size 1024K, 2 young (2048K), 2 survivors (2048K)
 Metaspace       used 145907K, committed 147456K, reserved 1179648K
  class space    used 19256K, committed 20032K, reserved 1048576K
}
Event: 10305.999 GC heap before
{Heap before GC invocations=106 (full 2):
 garbage-first heap   total 501760K, used 263103K [0x0000000080000000, 0x0000000100000000)
  region size 1024K, 43 young (44032K), 2 survivors (2048K)
 Metaspace       used 145937K, committed 147584K, reserved 1179648K
  class space    used 19256K, committed 20032K, reserved 1048576K
}
Event: 10306.303 GC heap after
{Heap after GC invocations=107 (full 2):
 garbage-first heap   total 501760K, used 192674K [0x0000000080000000, 0x0000000100000000)
  region size 1024K, 4 young (4096K), 4 survivors (4096K)
 Metaspace       used 145937K, committed 147584K, reserved 1179648K
  class space    used 19256K, committed 20032K, reserved 1048576K
}
Event: 10324.412 GC heap before
{Heap before GC invocations=107 (full 2):
 garbage-first heap   total 501760K, used 212130K [0x0000000080000000, 0x0000000100000000)
  region size 1024K, 24 young (24576K), 4 survivors (4096K)
 Metaspace       used 145954K, committed 147584K, reserved 1179648K
  class space    used 19257K, committed 20032K, reserved 1048576K
}
Event: 10324.511 GC heap after
{Heap after GC invocations=108 (full 2):
 garbage-first heap   total 501760K, used 194792K [0x0000000080000000, 0x0000000100000000)
  region size 1024K, 3 young (3072K), 3 survivors (3072K)
 Metaspace       used 145954K, committed 147584K, reserved 1179648K
  class space    used 19257K, committed 20032K, reserved 1048576K
}
Event: 10333.259 GC heap before
{Heap before GC invocations=108 (full 2):
 garbage-first heap   total 501760K, used 216296K [0x0000000080000000, 0x0000000100000000)
  region size 1024K, 24 young (24576K), 3 survivors (3072K)
 Metaspace       used 146004K, committed 147584K, reserved 1179648K
  class space    used 19257K, committed 20032K, reserved 1048576K
}
Event: 10334.142 GC heap after
{Heap after GC invocations=109 (full 2):
 garbage-first heap   total 501760K, used 199146K [0x0000000080000000, 0x0000000100000000)
  region size 1024K, 3 young (3072K), 3 survivors (3072K)
 Metaspace       used 146004K, committed 147584K, reserved 1179648K
  class space    used 19257K, committed 20032K, reserved 1048576K
}
Event: 10338.230 GC heap before
{Heap before GC invocations=109 (full 2):
 garbage-first heap   total 501760K, used 219626K [0x0000000080000000, 0x0000000100000000)
  region size 1024K, 24 young (24576K), 3 survivors (3072K)
 Metaspace       used 146004K, committed 147584K, reserved 1179648K
  class space    used 19258K, committed 20032K, reserved 1048576K
}
Event: 10338.272 GC heap after
{Heap after GC invocations=110 (full 2):
 garbage-first heap   total 501760K, used 202887K [0x0000000080000000, 0x0000000100000000)
  region size 1024K, 3 young (3072K), 3 survivors (3072K)
 Metaspace       used 146004K, committed 147584K, reserved 1179648K
  class space    used 19258K, committed 20032K, reserved 1048576K
}

